[debug] > Exec(early(addDefaultCommands), None, None)
[debug] > Exec(addDefaultCommands, None, None)
[debug] > Exec(early(initialize), None, None)
[debug] > Exec(initialize, None, None)
[debug] > Exec(early(addPluginSbtFile="""C:\Users\SAMBRI~1\AppData\Local\Temp\idea2675.sbt"""), None, None)
[debug] > Exec(addPluginSbtFile="""C:\Users\SAMBRI~1\AppData\Local\Temp\idea2675.sbt""", None, None)
[debug] > Exec(boot, None, None)
[debug] > Exec(writeSbtVersion, None, None)
[debug] > Exec(reload, None, None)
[debug] > Exec(sbtStashOnFailure, None, None)
[debug] > Exec(onFailure loadFailed, None, None)
[debug] > Exec(loadp, None, None)
[info] welcome to sbt 1.4.7 (Oracle Corporation Java 1.8.0_261)
[debug]       Load.loadUnit: plugins took 89.7011ms
[debug]       Load.loadUnit: defsScala took 0.3056ms
[debug] [Loading] Scanning directory C:\Users\Sam Britten\.sbt\1.0\plugins
[debug] [Loading] Found non-root projects 
[debug] [Loading] Done in C:\Users\Sam Britten\.sbt\1.0\plugins, returning: ()
[debug] deducing auto plugins based on known facts Set(Atom(sbt.plugins.CorePlugin)) and clauses Clauses(List(Clause(Atom(sbt.plugins.JvmPlugin),Set(Atom(sbt.plugins.IvyPlugin))), Clause(Atom(sbt.ScriptedPlugin),Set(Atom(sbt.plugins.JvmPlugin))), Clause(Atom(sbt.plugins.SbtPlugin),Set(Atom(sbt.ScriptedPlugin))), Clause(Atom(sbt.plugins.SemanticdbPlugin),Set(Atom(sbt.plugins.JvmPlugin))), Clause(Atom(sbt.plugins.JUnitXmlReportPlugin),Set(Atom(sbt.plugins.JvmPlugin))), Clause(Atom(sbt.plugins.MiniDependencyTreePlugin),Set(Atom(sbt.plugins.JvmPlugin))), Clause(Atom(sbt.plugins.CorePlugin),Set(Atom(sbt.plugins.IvyPlugin))), Clause(Atom(sbt.plugins.IvyPlugin),Set(Atom(sbt.plugins.JvmPlugin))), Clause(Atom(sbt.plugins.JvmPlugin),Set(Atom(sbt.plugins.SemanticdbPlugin))), Clause(Atom(sbt.plugins.JvmPlugin),Set(Atom(sbt.plugins.JUnitXmlReportPlugin))), Clause(Atom(sbt.plugins.CorePlugin),Set(Atom(sbt.plugins.Giter8TemplatePlugin))), Clause(Atom(sbt.plugins.JvmPlugin),Set(Atom(sbt.plugins.MiniDependencyTreePlugin)))))
[debug]   :: deduced result: Matched(sbt.plugins.CorePlugin,sbt.plugins.Giter8TemplatePlugin,sbt.plugins.IvyPlugin,sbt.plugins.JvmPlugin,sbt.plugins.MiniDependencyTreePlugin,sbt.plugins.JUnitXmlReportPlugin,sbt.plugins.SemanticdbPlugin)
[debug] Plugins.deducer#function took 19.3572 ms
[debug]           Load.resolveProject(global-plugins) took 43.9381ms
[debug]         Load.loadTransitive: finalizeProject(Project(id global-plugins, base: C:\Users\Sam Britten\.sbt\1.0\plugins, plugins: List(<none>))) took 90.0284ms
[debug] [Loading] Done in C:\Users\Sam Britten\.sbt\1.0\plugins, returning: (global-plugins)
[debug]       Load.loadUnit: loadedProjectsRaw took 111.5341ms
[debug]       Load.loadUnit: cleanEvalClasses took 0.3717ms
[debug]     Load.loadUnit(file:/C:/Users/Sam%20Britten/.sbt/1.0/plugins/, ...) took 209.3168ms
[debug]   Load.apply: load took 353.4931ms
[debug]   Load.apply: resolveProjects took 7.6083ms
[debug]   Load.apply: finalTransforms took 63.4303ms
[debug]   Load.apply: config.delegates took 7.7516ms
[debug]   Load.apply: Def.make(settings)... took 703.6613ms
[debug]   Load.apply: structureIndex took 98.3216ms
[debug]   Load.apply: mkStreams took 1.6269ms
[info] loading global plugins from C:\Users\Sam Britten\.sbt\1.0\plugins
[debug] Running task... Cancel: Signal, check cycles: false, forcegc: true
[debug] Load.defaultLoad until apply took 3086.5343ms
[debug]           Load.loadUnit: plugins took 23.4021ms
[debug]           Load.loadUnit: defsScala took 0.0028ms
[debug] [Loading] Scanning directory E:\rtScala\project
[debug]             Load.loadUnit: mkEval took 6.6483ms
[debug] [Loading] Found non-root projects 
[debug] [Loading] Done in E:\rtScala\project, returning: ()
[debug] deducing auto plugins based on known facts Set(Atom(sbt.plugins.CorePlugin)) and clauses Clauses(List(Clause(Atom(sbt.plugins.JvmPlugin),Set(Atom(sbt.plugins.IvyPlugin))), Clause(Atom(sbt.ScriptedPlugin),Set(Atom(sbt.plugins.JvmPlugin))), Clause(Atom(sbt.plugins.SbtPlugin),Set(Atom(sbt.ScriptedPlugin))), Clause(Atom(sbt.plugins.SemanticdbPlugin),Set(Atom(sbt.plugins.JvmPlugin))), Clause(Atom(sbt.plugins.JUnitXmlReportPlugin),Set(Atom(sbt.plugins.JvmPlugin))), Clause(Atom(sbt.plugins.MiniDependencyTreePlugin),Set(Atom(sbt.plugins.JvmPlugin))), Clause(Atom(sbt.plugins.CorePlugin),Set(Atom(sbt.plugins.IvyPlugin))), Clause(Atom(sbt.plugins.IvyPlugin),Set(Atom(sbt.plugins.JvmPlugin))), Clause(Atom(sbt.plugins.JvmPlugin),Set(Atom(sbt.plugins.SemanticdbPlugin))), Clause(Atom(sbt.plugins.JvmPlugin),Set(Atom(sbt.plugins.JUnitXmlReportPlugin))), Clause(Atom(sbt.plugins.CorePlugin),Set(Atom(sbt.plugins.Giter8TemplatePlugin))), Clause(Atom(sbt.plugins.JvmPlugin),Set(Atom(sbt.plugins.MiniDependencyTreePlugin)))))
[debug]   :: deduced result: Matched(sbt.plugins.CorePlugin,sbt.plugins.Giter8TemplatePlugin,sbt.plugins.IvyPlugin,sbt.plugins.JvmPlugin,sbt.plugins.MiniDependencyTreePlugin,sbt.plugins.JUnitXmlReportPlugin,sbt.plugins.SemanticdbPlugin)
[debug] Plugins.deducer#function took 1.9589 ms
[info] loading settings for project rtscala-build from idea2675.sbt ...
[debug]               Load.resolveProject(rtscala-build) took 2.4638ms
[debug]             Load.loadTransitive: finalizeProject(Project(id rtscala-build, base: E:\rtScala\project, plugins: List(<none>))) took 5.0595ms
[debug] [Loading] Done in E:\rtScala\project, returning: (rtscala-build)
[debug]           Load.loadUnit: loadedProjectsRaw took 119.8106ms
[debug]           Load.loadUnit: cleanEvalClasses took 3.2772ms
[debug]         Load.loadUnit(file:/E:/rtScala/project/, ...) took 147.1829ms
[debug]       Load.apply: load took 148.1849ms
[debug]       Load.apply: resolveProjects took 0.1104ms
[debug]       Load.apply: finalTransforms took 6.7588ms
[debug]       Load.apply: config.delegates took 0.3216ms
[debug]       Load.apply: Def.make(settings)... took 76.7367ms
[debug]       Load.apply: structureIndex took 30.1638ms
[debug]       Load.apply: mkStreams took 0.0032ms
[info] loading project definition from E:\rtScala\project
[debug] Running task... Cancel: Signal, check cycles: false, forcegc: true
[debug]     Load.loadUnit: plugins took 495.625ms
[debug]     Load.loadUnit: defsScala took 0.0024ms
[debug] [Loading] Scanning directory E:\rtScala
[debug]       Load.loadUnit: mkEval took 0.173ms
[debug] [Loading] Found non-root projects 
[debug] [Loading] Done in E:\rtScala, returning: ()
[debug] deducing auto plugins based on known facts Set(Atom(sbt.plugins.CorePlugin)) and clauses Clauses(List(Clause(Atom(sbt.plugins.JvmPlugin),Set(Atom(sbt.plugins.IvyPlugin))), Clause(Atom(sbt.ScriptedPlugin),Set(Atom(sbt.plugins.JvmPlugin))), Clause(Atom(sbt.plugins.SbtPlugin),Set(Atom(sbt.ScriptedPlugin))), Clause(Atom(sbt.plugins.SemanticdbPlugin),Set(Atom(sbt.plugins.JvmPlugin))), Clause(Atom(sbt.plugins.JUnitXmlReportPlugin),Set(Atom(sbt.plugins.JvmPlugin))), Clause(Atom(sbt.plugins.MiniDependencyTreePlugin),Set(Atom(sbt.plugins.JvmPlugin))), Clause(Atom(org.jetbrains.sbt.StructurePlugin),Set(Atom(sbt.plugins.JvmPlugin))), Clause(Atom(org.jetbrains.sbt.IdeaShellPlugin),Set(Atom(sbt.plugins.JvmPlugin))), Clause(Atom(org.jetbrains.sbt.indices.SbtIntellijIndicesPlugin),Set(Atom(sbt.plugins.JvmPlugin))), Clause(Atom(sbt.plugins.CorePlugin),Set(Atom(sbt.plugins.IvyPlugin))), Clause(Atom(sbt.plugins.IvyPlugin),Set(Atom(sbt.plugins.JvmPlugin))), Clause(Atom(sbt.plugins.JvmPlugin),Set(Atom(sbt.plugins.SemanticdbPlugin))), Clause(Atom(sbt.plugins.JvmPlugin),Set(Atom(sbt.plugins.JUnitXmlReportPlugin))), Clause(Atom(sbt.plugins.CorePlugin),Set(Atom(sbt.plugins.Giter8TemplatePlugin))), Clause(Atom(sbt.plugins.JvmPlugin),Set(Atom(sbt.plugins.MiniDependencyTreePlugin))), Clause(Atom(sbt.plugins.JvmPlugin),Set(Atom(org.jetbrains.sbt.StructurePlugin))), Clause(Atom(sbt.plugins.JvmPlugin),Set(Atom(org.jetbrains.sbt.IdeaShellPlugin))), Clause(And(Set(Atom(sbt.plugins.CorePlugin), Atom(sbt.plugins.JvmPlugin))),Set(Atom(org.jetbrains.sbt.indices.SbtIntellijIndicesPlugin)))))
[debug]   :: deduced result: Matched(sbt.plugins.CorePlugin,sbt.plugins.Giter8TemplatePlugin,sbt.plugins.IvyPlugin,sbt.plugins.JvmPlugin,sbt.plugins.SemanticdbPlugin,org.jetbrains.sbt.indices.SbtIntellijIndicesPlugin,sbt.plugins.JUnitXmlReportPlugin,org.jetbrains.sbt.IdeaShellPlugin,org.jetbrains.sbt.StructurePlugin,sbt.plugins.MiniDependencyTreePlugin)
[debug] Plugins.deducer#function took 3.2153 ms
[info] loading settings for project rtscala from build.sbt ...
[debug]         Load.resolveProject(rtscala) took 24.6714ms
[debug]       Load.loadTransitive: finalizeProject(Project(id rtscala, base: E:\rtScala, plugins: List(<none>))) took 29.2502ms
[debug] [Loading] Done in E:\rtScala, returning: (rtscala)
[debug]     Load.loadUnit: loadedProjectsRaw took 67.7149ms
[debug]     Load.loadUnit: cleanEvalClasses took 2.593ms
[debug]   Load.loadUnit(file:/E:/rtScala/, ...) took 566.5614ms
[debug] Load.apply: load took 567.8584ms
[debug] Load.apply: resolveProjects took 0.1513ms
[debug] Load.apply: finalTransforms took 21.9218ms
[debug] Load.apply: config.delegates took 0.3932ms
[debug] Load.apply: Def.make(settings)... took 72.1161ms
[debug] Load.apply: structureIndex took 27.4232ms
[debug] Load.apply: mkStreams took 0.0029ms
[info] set current project to rtScala (in build file:/E:/rtScala/)
[debug] > Exec(sbtPopOnFailure, None, None)
[debug] > Exec(resumeFromFailure, None, None)
[debug] > Exec(notifyUsersAboutShell, None, None)
[debug] > Exec(iflast shell, None, None)
[debug] > Exec(; set ideaPort in Global := 63886 ; idea-shell, None, None)
[debug] > Exec(set ideaPort in Global := 63886, None, None)
[info] Defining Global / ideaPort
[info] The new value will be used by Compile / compile, Test / compile
[debug] Defining 
[debug] 	Global / ideaPort
[debug] 
[debug] The new value will be used by 
[debug] 	Compile / compile
[debug] 	Test / compile
[info] Reapplying settings...
[info] set current project to rtScala (in build file:/E:/rtScala/)
[debug] > Exec(idea-shell, None, None)
