[debug] > Exec(early(addDefaultCommands), None, None)
[debug] > Exec(addDefaultCommands, None, None)
[debug] > Exec(early(initialize), None, None)
[debug] > Exec(initialize, None, None)
[debug] > Exec(early(addPluginSbtFile="""C:\Users\SAMBRI~1\AppData\Local\Temp\idea1337.sbt"""), None, None)
[debug] > Exec(addPluginSbtFile="""C:\Users\SAMBRI~1\AppData\Local\Temp\idea1337.sbt""", None, None)
[debug] > Exec(boot, None, None)
[debug] > Exec(writeSbtVersion, None, None)
[debug] > Exec(reload, None, None)
[debug] > Exec(sbtStashOnFailure, None, None)
[debug] > Exec(onFailure loadFailed, None, None)
[debug] > Exec(loadp, None, None)
[info] welcome to sbt 1.4.7 (Oracle Corporation Java 1.8.0_261)
[debug]       Load.loadUnit: plugins took 100.4031ms
[debug]       Load.loadUnit: defsScala took 0.3252ms
[debug] [Loading] Scanning directory C:\Users\Sam Britten\.sbt\1.0\plugins
[debug] [Loading] Found non-root projects 
[debug] [Loading] Done in C:\Users\Sam Britten\.sbt\1.0\plugins, returning: ()
[debug] deducing auto plugins based on known facts Set(Atom(sbt.plugins.CorePlugin)) and clauses Clauses(List(Clause(Atom(sbt.plugins.JvmPlugin),Set(Atom(sbt.plugins.IvyPlugin))), Clause(Atom(sbt.ScriptedPlugin),Set(Atom(sbt.plugins.JvmPlugin))), Clause(Atom(sbt.plugins.SbtPlugin),Set(Atom(sbt.ScriptedPlugin))), Clause(Atom(sbt.plugins.SemanticdbPlugin),Set(Atom(sbt.plugins.JvmPlugin))), Clause(Atom(sbt.plugins.JUnitXmlReportPlugin),Set(Atom(sbt.plugins.JvmPlugin))), Clause(Atom(sbt.plugins.MiniDependencyTreePlugin),Set(Atom(sbt.plugins.JvmPlugin))), Clause(Atom(sbt.plugins.CorePlugin),Set(Atom(sbt.plugins.IvyPlugin))), Clause(Atom(sbt.plugins.IvyPlugin),Set(Atom(sbt.plugins.JvmPlugin))), Clause(Atom(sbt.plugins.JvmPlugin),Set(Atom(sbt.plugins.SemanticdbPlugin))), Clause(Atom(sbt.plugins.JvmPlugin),Set(Atom(sbt.plugins.JUnitXmlReportPlugin))), Clause(Atom(sbt.plugins.CorePlugin),Set(Atom(sbt.plugins.Giter8TemplatePlugin))), Clause(Atom(sbt.plugins.JvmPlugin),Set(Atom(sbt.plugins.MiniDependencyTreePlugin)))))
[debug]   :: deduced result: Matched(sbt.plugins.CorePlugin,sbt.plugins.Giter8TemplatePlugin,sbt.plugins.IvyPlugin,sbt.plugins.JvmPlugin,sbt.plugins.MiniDependencyTreePlugin,sbt.plugins.JUnitXmlReportPlugin,sbt.plugins.SemanticdbPlugin)
[debug] Plugins.deducer#function took 24.2034 ms
[debug]           Load.resolveProject(global-plugins) took 41.0592ms
[debug]         Load.loadTransitive: finalizeProject(Project(id global-plugins, base: C:\Users\Sam Britten\.sbt\1.0\plugins, plugins: List(<none>))) took 97.9411ms
[debug] [Loading] Done in C:\Users\Sam Britten\.sbt\1.0\plugins, returning: (global-plugins)
[debug]       Load.loadUnit: loadedProjectsRaw took 118.615ms
[debug]       Load.loadUnit: cleanEvalClasses took 0.2238ms
[debug]     Load.loadUnit(file:/C:/Users/Sam%20Britten/.sbt/1.0/plugins/, ...) took 228.1047ms
[debug]   Load.apply: load took 373.2974ms
[debug]   Load.apply: resolveProjects took 5.8622ms
[debug]   Load.apply: finalTransforms took 53.6905ms
[debug]   Load.apply: config.delegates took 6.9061ms
[debug]   Load.apply: Def.make(settings)... took 652.3753ms
[debug]   Load.apply: structureIndex took 98.3592ms
[debug]   Load.apply: mkStreams took 1.5562ms
[info] loading global plugins from C:\Users\Sam Britten\.sbt\1.0\plugins
[debug] Running task... Cancel: Signal, check cycles: false, forcegc: true
[debug] Load.defaultLoad until apply took 2983.2557ms
[debug]           Load.loadUnit: plugins took 28.1191ms
[debug]           Load.loadUnit: defsScala took 0.0044ms
[debug] [Loading] Scanning directory E:\rtScala\project
[debug]             Load.loadUnit: mkEval took 8.8939ms
[debug] [Loading] Found non-root projects 
[debug] [Loading] Done in E:\rtScala\project, returning: ()
[debug] deducing auto plugins based on known facts Set(Atom(sbt.plugins.CorePlugin)) and clauses Clauses(List(Clause(Atom(sbt.plugins.JvmPlugin),Set(Atom(sbt.plugins.IvyPlugin))), Clause(Atom(sbt.ScriptedPlugin),Set(Atom(sbt.plugins.JvmPlugin))), Clause(Atom(sbt.plugins.SbtPlugin),Set(Atom(sbt.ScriptedPlugin))), Clause(Atom(sbt.plugins.SemanticdbPlugin),Set(Atom(sbt.plugins.JvmPlugin))), Clause(Atom(sbt.plugins.JUnitXmlReportPlugin),Set(Atom(sbt.plugins.JvmPlugin))), Clause(Atom(sbt.plugins.MiniDependencyTreePlugin),Set(Atom(sbt.plugins.JvmPlugin))), Clause(Atom(sbt.plugins.CorePlugin),Set(Atom(sbt.plugins.IvyPlugin))), Clause(Atom(sbt.plugins.IvyPlugin),Set(Atom(sbt.plugins.JvmPlugin))), Clause(Atom(sbt.plugins.JvmPlugin),Set(Atom(sbt.plugins.SemanticdbPlugin))), Clause(Atom(sbt.plugins.JvmPlugin),Set(Atom(sbt.plugins.JUnitXmlReportPlugin))), Clause(Atom(sbt.plugins.CorePlugin),Set(Atom(sbt.plugins.Giter8TemplatePlugin))), Clause(Atom(sbt.plugins.JvmPlugin),Set(Atom(sbt.plugins.MiniDependencyTreePlugin)))))
[debug]   :: deduced result: Matched(sbt.plugins.CorePlugin,sbt.plugins.Giter8TemplatePlugin,sbt.plugins.IvyPlugin,sbt.plugins.JvmPlugin,sbt.plugins.MiniDependencyTreePlugin,sbt.plugins.JUnitXmlReportPlugin,sbt.plugins.SemanticdbPlugin)
[debug] Plugins.deducer#function took 1.7969 ms
[info] loading settings for project rtscala-build from idea1337.sbt ...
[debug]               Load.resolveProject(rtscala-build) took 6.5745ms
[debug]             Load.loadTransitive: finalizeProject(Project(id rtscala-build, base: E:\rtScala\project, plugins: List(<none>))) took 8.9009ms
[debug] [Loading] Done in E:\rtScala\project, returning: (rtscala-build)
[debug]           Load.loadUnit: loadedProjectsRaw took 127.8126ms
[debug]           Load.loadUnit: cleanEvalClasses took 3.0563ms
[debug]         Load.loadUnit(file:/E:/rtScala/project/, ...) took 159.779ms
[debug]       Load.apply: load took 160.8269ms
[debug]       Load.apply: resolveProjects took 0.0909ms
[debug]       Load.apply: finalTransforms took 6.6486ms
[debug]       Load.apply: config.delegates took 0.4572ms
[debug]       Load.apply: Def.make(settings)... took 70.9147ms
[debug]       Load.apply: structureIndex took 41.6607ms
[debug]       Load.apply: mkStreams took 0.0023ms
[info] loading project definition from E:\rtScala\project
[debug] Running task... Cancel: Signal, check cycles: false, forcegc: true
[debug]     Load.loadUnit: plugins took 526.9062ms
[debug]     Load.loadUnit: defsScala took 0.0028ms
[debug] [Loading] Scanning directory E:\rtScala
[debug]       Load.loadUnit: mkEval took 0.1875ms
[debug] [Loading] Found non-root projects 
[debug] [Loading] Done in E:\rtScala, returning: ()
[debug] deducing auto plugins based on known facts Set(Atom(sbt.plugins.CorePlugin)) and clauses Clauses(List(Clause(Atom(sbt.plugins.JvmPlugin),Set(Atom(sbt.plugins.IvyPlugin))), Clause(Atom(sbt.ScriptedPlugin),Set(Atom(sbt.plugins.JvmPlugin))), Clause(Atom(sbt.plugins.SbtPlugin),Set(Atom(sbt.ScriptedPlugin))), Clause(Atom(sbt.plugins.SemanticdbPlugin),Set(Atom(sbt.plugins.JvmPlugin))), Clause(Atom(sbt.plugins.JUnitXmlReportPlugin),Set(Atom(sbt.plugins.JvmPlugin))), Clause(Atom(sbt.plugins.MiniDependencyTreePlugin),Set(Atom(sbt.plugins.JvmPlugin))), Clause(Atom(org.jetbrains.sbt.StructurePlugin),Set(Atom(sbt.plugins.JvmPlugin))), Clause(Atom(org.jetbrains.sbt.IdeaShellPlugin),Set(Atom(sbt.plugins.JvmPlugin))), Clause(Atom(org.jetbrains.sbt.indices.SbtIntellijIndicesPlugin),Set(Atom(sbt.plugins.JvmPlugin))), Clause(Atom(sbt.plugins.CorePlugin),Set(Atom(sbt.plugins.IvyPlugin))), Clause(Atom(sbt.plugins.IvyPlugin),Set(Atom(sbt.plugins.JvmPlugin))), Clause(Atom(sbt.plugins.JvmPlugin),Set(Atom(sbt.plugins.SemanticdbPlugin))), Clause(Atom(sbt.plugins.JvmPlugin),Set(Atom(sbt.plugins.JUnitXmlReportPlugin))), Clause(Atom(sbt.plugins.CorePlugin),Set(Atom(sbt.plugins.Giter8TemplatePlugin))), Clause(Atom(sbt.plugins.JvmPlugin),Set(Atom(sbt.plugins.MiniDependencyTreePlugin))), Clause(Atom(sbt.plugins.JvmPlugin),Set(Atom(org.jetbrains.sbt.StructurePlugin))), Clause(Atom(sbt.plugins.JvmPlugin),Set(Atom(org.jetbrains.sbt.IdeaShellPlugin))), Clause(And(Set(Atom(sbt.plugins.CorePlugin), Atom(sbt.plugins.JvmPlugin))),Set(Atom(org.jetbrains.sbt.indices.SbtIntellijIndicesPlugin)))))
[debug]   :: deduced result: Matched(sbt.plugins.CorePlugin,sbt.plugins.Giter8TemplatePlugin,sbt.plugins.IvyPlugin,sbt.plugins.JvmPlugin,sbt.plugins.SemanticdbPlugin,org.jetbrains.sbt.indices.SbtIntellijIndicesPlugin,sbt.plugins.JUnitXmlReportPlugin,org.jetbrains.sbt.IdeaShellPlugin,org.jetbrains.sbt.StructurePlugin,sbt.plugins.MiniDependencyTreePlugin)
[debug] Plugins.deducer#function took 3.7296 ms
[info] loading settings for project rtscala from build.sbt ...
[debug]         Load.resolveProject(rtscala) took 31.4966ms
[debug]       Load.loadTransitive: finalizeProject(Project(id rtscala, base: E:\rtScala, plugins: List(<none>))) took 36.8539ms
[debug] [Loading] Done in E:\rtScala, returning: (rtscala)
[debug]     Load.loadUnit: loadedProjectsRaw took 83.5533ms
[debug]     Load.loadUnit: cleanEvalClasses took 1.918ms
[debug]   Load.loadUnit(file:/E:/rtScala/, ...) took 612.9155ms
[debug] Load.apply: load took 614.1063ms
[debug] Load.apply: resolveProjects took 0.1229ms
[debug] Load.apply: finalTransforms took 23.3084ms
[debug] Load.apply: config.delegates took 0.422ms
[debug] Load.apply: Def.make(settings)... took 64.2309ms
[debug] Load.apply: structureIndex took 25.4322ms
[debug] Load.apply: mkStreams took 0.0033ms
[info] set current project to rtScala (in build file:/E:/rtScala/)
[debug] > Exec(sbtPopOnFailure, None, None)
[debug] > Exec(resumeFromFailure, None, None)
[debug] > Exec(notifyUsersAboutShell, None, None)
[debug] > Exec(iflast shell, None, None)
[debug] > Exec(; set ideaPort in Global := 63886 ; idea-shell, None, None)
[debug] > Exec(set ideaPort in Global := 63886, None, None)
[info] Defining Global / ideaPort
[info] The new value will be used by Compile / compile, Test / compile
[debug] Defining 
[debug] 	Global / ideaPort
[debug] 
[debug] The new value will be used by 
[debug] 	Compile / compile
[debug] 	Test / compile
[info] Reapplying settings...
[info] set current project to rtScala (in build file:/E:/rtScala/)
[debug] > Exec(idea-shell, None, None)
