[debug] > Exec(early(addDefaultCommands), None, None)
[debug] > Exec(addDefaultCommands, None, None)
[debug] > Exec(early(initialize), None, None)
[debug] > Exec(initialize, None, None)
[debug] > Exec(early(addPluginSbtFile="""C:\Users\SAMBRI~1\AppData\Local\Temp\idea.sbt"""), None, None)
[debug] > Exec(addPluginSbtFile="""C:\Users\SAMBRI~1\AppData\Local\Temp\idea.sbt""", None, None)
[debug] > Exec(boot, None, None)
[debug] > Exec(writeSbtVersion, None, None)
[debug] > Exec(reload, None, None)
[debug] > Exec(sbtStashOnFailure, None, None)
[debug] > Exec(onFailure loadFailed, None, None)
[debug] > Exec(loadp, None, None)
[info] welcome to sbt 1.4.7 (Oracle Corporation Java 1.8.0_261)
[debug]       Load.loadUnit: plugins took 93.5282ms
[debug]       Load.loadUnit: defsScala took 0.3289ms
[debug] [Loading] Scanning directory C:\Users\Sam Britten\.sbt\1.0\plugins
[debug] [Loading] Found non-root projects 
[debug] [Loading] Done in C:\Users\Sam Britten\.sbt\1.0\plugins, returning: ()
[debug] deducing auto plugins based on known facts Set(Atom(sbt.plugins.CorePlugin)) and clauses Clauses(List(Clause(Atom(sbt.plugins.JvmPlugin),Set(Atom(sbt.plugins.IvyPlugin))), Clause(Atom(sbt.ScriptedPlugin),Set(Atom(sbt.plugins.JvmPlugin))), Clause(Atom(sbt.plugins.SbtPlugin),Set(Atom(sbt.ScriptedPlugin))), Clause(Atom(sbt.plugins.SemanticdbPlugin),Set(Atom(sbt.plugins.JvmPlugin))), Clause(Atom(sbt.plugins.JUnitXmlReportPlugin),Set(Atom(sbt.plugins.JvmPlugin))), Clause(Atom(sbt.plugins.MiniDependencyTreePlugin),Set(Atom(sbt.plugins.JvmPlugin))), Clause(Atom(sbt.plugins.CorePlugin),Set(Atom(sbt.plugins.IvyPlugin))), Clause(Atom(sbt.plugins.IvyPlugin),Set(Atom(sbt.plugins.JvmPlugin))), Clause(Atom(sbt.plugins.JvmPlugin),Set(Atom(sbt.plugins.SemanticdbPlugin))), Clause(Atom(sbt.plugins.JvmPlugin),Set(Atom(sbt.plugins.JUnitXmlReportPlugin))), Clause(Atom(sbt.plugins.CorePlugin),Set(Atom(sbt.plugins.Giter8TemplatePlugin))), Clause(Atom(sbt.plugins.JvmPlugin),Set(Atom(sbt.plugins.MiniDependencyTreePlugin)))))
[debug]   :: deduced result: Matched(sbt.plugins.CorePlugin,sbt.plugins.Giter8TemplatePlugin,sbt.plugins.IvyPlugin,sbt.plugins.JvmPlugin,sbt.plugins.MiniDependencyTreePlugin,sbt.plugins.JUnitXmlReportPlugin,sbt.plugins.SemanticdbPlugin)
[debug] Plugins.deducer#function took 20.7193 ms
[debug]           Load.resolveProject(global-plugins) took 44.8387ms
[debug]         Load.loadTransitive: finalizeProject(Project(id global-plugins, base: C:\Users\Sam Britten\.sbt\1.0\plugins, plugins: List(<none>))) took 91.6996ms
[debug] [Loading] Done in C:\Users\Sam Britten\.sbt\1.0\plugins, returning: (global-plugins)
[debug]       Load.loadUnit: loadedProjectsRaw took 112.8844ms
[debug]       Load.loadUnit: cleanEvalClasses took 0.257ms
[debug]     Load.loadUnit(file:/C:/Users/Sam%20Britten/.sbt/1.0/plugins/, ...) took 213.9553ms
[debug]   Load.apply: load took 351.0939ms
[debug]   Load.apply: resolveProjects took 6.1185ms
[debug]   Load.apply: finalTransforms took 55.6031ms
[debug]   Load.apply: config.delegates took 7.6588ms
[debug]   Load.apply: Def.make(settings)... took 713.8786ms
[debug]   Load.apply: structureIndex took 100.8279ms
[debug]   Load.apply: mkStreams took 1.7893ms
[info] loading global plugins from C:\Users\Sam Britten\.sbt\1.0\plugins
[debug] Running task... Cancel: Signal, check cycles: false, forcegc: true
[debug] Load.defaultLoad until apply took 3122.6482ms
[debug]           Load.loadUnit: plugins took 25.7611ms
[debug]           Load.loadUnit: defsScala took 0.0032ms
[debug] [Loading] Scanning directory E:\rtScala\project
[debug]             Load.loadUnit: mkEval took 6.7514ms
[debug] [Loading] Found non-root projects 
[debug] [Loading] Done in E:\rtScala\project, returning: ()
[debug] deducing auto plugins based on known facts Set(Atom(sbt.plugins.CorePlugin)) and clauses Clauses(List(Clause(Atom(sbt.plugins.JvmPlugin),Set(Atom(sbt.plugins.IvyPlugin))), Clause(Atom(sbt.ScriptedPlugin),Set(Atom(sbt.plugins.JvmPlugin))), Clause(Atom(sbt.plugins.SbtPlugin),Set(Atom(sbt.ScriptedPlugin))), Clause(Atom(sbt.plugins.SemanticdbPlugin),Set(Atom(sbt.plugins.JvmPlugin))), Clause(Atom(sbt.plugins.JUnitXmlReportPlugin),Set(Atom(sbt.plugins.JvmPlugin))), Clause(Atom(sbt.plugins.MiniDependencyTreePlugin),Set(Atom(sbt.plugins.JvmPlugin))), Clause(Atom(sbt.plugins.CorePlugin),Set(Atom(sbt.plugins.IvyPlugin))), Clause(Atom(sbt.plugins.IvyPlugin),Set(Atom(sbt.plugins.JvmPlugin))), Clause(Atom(sbt.plugins.JvmPlugin),Set(Atom(sbt.plugins.SemanticdbPlugin))), Clause(Atom(sbt.plugins.JvmPlugin),Set(Atom(sbt.plugins.JUnitXmlReportPlugin))), Clause(Atom(sbt.plugins.CorePlugin),Set(Atom(sbt.plugins.Giter8TemplatePlugin))), Clause(Atom(sbt.plugins.JvmPlugin),Set(Atom(sbt.plugins.MiniDependencyTreePlugin)))))
[debug]   :: deduced result: Matched(sbt.plugins.CorePlugin,sbt.plugins.Giter8TemplatePlugin,sbt.plugins.IvyPlugin,sbt.plugins.JvmPlugin,sbt.plugins.MiniDependencyTreePlugin,sbt.plugins.JUnitXmlReportPlugin,sbt.plugins.SemanticdbPlugin)
[debug] Plugins.deducer#function took 1.9076 ms
[info] loading settings for project rtscala-build from idea.sbt ...
[debug]               Load.resolveProject(rtscala-build) took 5.0572ms
[debug]             Load.loadTransitive: finalizeProject(Project(id rtscala-build, base: E:\rtScala\project, plugins: List(<none>))) took 7.4444ms
[debug] [Loading] Done in E:\rtScala\project, returning: (rtscala-build)
[debug]           Load.loadUnit: loadedProjectsRaw took 132.2972ms
[debug]           Load.loadUnit: cleanEvalClasses took 3.0373ms
[debug]         Load.loadUnit(file:/E:/rtScala/project/, ...) took 161.8773ms
[debug]       Load.apply: load took 162.9609ms
[debug]       Load.apply: resolveProjects took 0.0744ms
[debug]       Load.apply: finalTransforms took 8.3691ms
[debug]       Load.apply: config.delegates took 0.5144ms
[debug]       Load.apply: Def.make(settings)... took 83.5561ms
[debug]       Load.apply: structureIndex took 26.098ms
[debug]       Load.apply: mkStreams took 0.0022ms
[info] loading project definition from E:\rtScala\project
[debug] Running task... Cancel: Signal, check cycles: false, forcegc: true
[debug]     Load.loadUnit: plugins took 1478.8281ms
[debug]     Load.loadUnit: defsScala took 0.0023ms
[debug] [Loading] Scanning directory E:\rtScala
[debug]       Load.loadUnit: mkEval took 0.1706ms
[debug] [Loading] Found non-root projects 
[debug] [Loading] Done in E:\rtScala, returning: ()
[debug] deducing auto plugins based on known facts Set(Atom(sbt.plugins.CorePlugin)) and clauses Clauses(List(Clause(Atom(sbt.plugins.JvmPlugin),Set(Atom(sbt.plugins.IvyPlugin))), Clause(Atom(sbt.ScriptedPlugin),Set(Atom(sbt.plugins.JvmPlugin))), Clause(Atom(sbt.plugins.SbtPlugin),Set(Atom(sbt.ScriptedPlugin))), Clause(Atom(sbt.plugins.SemanticdbPlugin),Set(Atom(sbt.plugins.JvmPlugin))), Clause(Atom(sbt.plugins.JUnitXmlReportPlugin),Set(Atom(sbt.plugins.JvmPlugin))), Clause(Atom(sbt.plugins.MiniDependencyTreePlugin),Set(Atom(sbt.plugins.JvmPlugin))), Clause(Atom(org.jetbrains.sbt.StructurePlugin),Set(Atom(sbt.plugins.JvmPlugin))), Clause(Atom(org.jetbrains.sbt.IdeaShellPlugin),Set(Atom(sbt.plugins.JvmPlugin))), Clause(Atom(org.jetbrains.sbt.indices.SbtIntellijIndicesPlugin),Set(Atom(sbt.plugins.JvmPlugin))), Clause(Atom(sbt.plugins.CorePlugin),Set(Atom(sbt.plugins.IvyPlugin))), Clause(Atom(sbt.plugins.IvyPlugin),Set(Atom(sbt.plugins.JvmPlugin))), Clause(Atom(sbt.plugins.JvmPlugin),Set(Atom(sbt.plugins.SemanticdbPlugin))), Clause(Atom(sbt.plugins.JvmPlugin),Set(Atom(sbt.plugins.JUnitXmlReportPlugin))), Clause(Atom(sbt.plugins.CorePlugin),Set(Atom(sbt.plugins.Giter8TemplatePlugin))), Clause(Atom(sbt.plugins.JvmPlugin),Set(Atom(sbt.plugins.MiniDependencyTreePlugin))), Clause(Atom(sbt.plugins.JvmPlugin),Set(Atom(org.jetbrains.sbt.StructurePlugin))), Clause(Atom(sbt.plugins.JvmPlugin),Set(Atom(org.jetbrains.sbt.IdeaShellPlugin))), Clause(And(Set(Atom(sbt.plugins.CorePlugin), Atom(sbt.plugins.JvmPlugin))),Set(Atom(org.jetbrains.sbt.indices.SbtIntellijIndicesPlugin)))))
[debug]   :: deduced result: Matched(sbt.plugins.CorePlugin,sbt.plugins.Giter8TemplatePlugin,sbt.plugins.IvyPlugin,sbt.plugins.JvmPlugin,sbt.plugins.SemanticdbPlugin,org.jetbrains.sbt.indices.SbtIntellijIndicesPlugin,sbt.plugins.JUnitXmlReportPlugin,org.jetbrains.sbt.IdeaShellPlugin,org.jetbrains.sbt.StructurePlugin,sbt.plugins.MiniDependencyTreePlugin)
[debug] Plugins.deducer#function took 1.6858 ms
[info] loading settings for project rtscala from build.sbt ...
[debug]         Load.resolveProject(rtscala) took 27.5727ms
[debug]       Load.loadTransitive: finalizeProject(Project(id rtscala, base: E:\rtScala, plugins: List(<none>))) took 30.6262ms
[debug] [Loading] Done in E:\rtScala, returning: (rtscala)
[debug]     Load.loadUnit: loadedProjectsRaw took 2407.5924ms
[debug]     Load.loadUnit: cleanEvalClasses took 5.9878ms
[debug]   Load.loadUnit(file:/E:/rtScala/, ...) took 3892.9994ms
[debug] Load.apply: load took 3894.2213ms
[debug] Load.apply: resolveProjects took 0.1081ms
[debug] Load.apply: finalTransforms took 24.4049ms
[debug] Load.apply: config.delegates took 0.4201ms
[debug] Load.apply: Def.make(settings)... took 65.2107ms
[debug] Load.apply: structureIndex took 17.7403ms
[debug] Load.apply: mkStreams took 0.0023ms
[info] set current project to rtScala (in build file:/E:/rtScala/)
[debug] > Exec(sbtPopOnFailure, None, None)
[debug] > Exec(resumeFromFailure, None, None)
[debug] > Exec(notifyUsersAboutShell, None, None)
[debug] > Exec(iflast shell, None, None)
[debug] > Exec(; set ideaPort in Global := 49716 ; idea-shell, None, None)
[debug] > Exec(set ideaPort in Global := 49716, None, None)
[info] Defining Global / ideaPort
[info] The new value will be used by Compile / compile, Test / compile
[debug] Defining 
[debug] 	Global / ideaPort
[debug] 
[debug] The new value will be used by 
[debug] 	Compile / compile
[debug] 	Test / compile
[info] Reapplying settings...
[info] set current project to rtScala (in build file:/E:/rtScala/)
[debug] > Exec(idea-shell, None, None)
